2024/12/10 11:42:24, CurrentDomain.UnhandledException: System.Runtime.InteropServices.COMException (0x80040154): 擷取元件 (CLSID 為 {00853A19-BD51-419B-9269-2DABE57EB61F}) 的 COM Class Factory 失敗，因為發生下列錯誤: 80040154 類別未登錄 (發生例外狀況於 HRESULT: 0x80040154 (REGDB_E_CLASSNOTREG))。
   於 DeviceControl.Driver.ZkemClient..ctor()
   於 DeviceControl.Model.DeviceRepository..ctor()
   於 DeviceControl.SystemContext..ctor()
   於 DeviceControl.SystemContext.<>c.<.cctor>b__17_0()
   於 System.Lazy`1.CreateValue()
   於 System.Lazy`1.LazyInitValue()
   於 System.Lazy`1.get_Value()
   於 DeviceControl.SystemContext.get_Current()
   於 DeviceControl.View.LoadingForm..ctor(ApplicationStartAction startAction, String userFilePath)
   於 DeviceControl.Program.ApplicationStart(ApplicationStartAction startAction)
   於 DeviceControl.Program.Main(String[] args)
2024/12/10 14:25:31, CurrentDomain.UnhandledException: System.Runtime.InteropServices.COMException (0x80040154): 擷取元件 (CLSID 為 {00853A19-BD51-419B-9269-2DABE57EB61F}) 的 COM Class Factory 失敗，因為發生下列錯誤: 80040154 類別未登錄 (發生例外狀況於 HRESULT: 0x80040154 (REGDB_E_CLASSNOTREG))。
   於 DeviceControl.Driver.ZkemClient..ctor()
   於 DeviceControl.Model.DeviceRepository..ctor()
   於 DeviceControl.SystemContext..ctor()
   於 DeviceControl.SystemContext.<>c.<.cctor>b__17_0()
   於 System.Lazy`1.CreateValue()
   於 System.Lazy`1.LazyInitValue()
   於 System.Lazy`1.get_Value()
   於 DeviceControl.SystemContext.get_Current()
   於 DeviceControl.View.LoadingForm..ctor(ApplicationStartAction startAction, String userFilePath)
   於 DeviceControl.Program.ApplicationStart(ApplicationStartAction startAction)
   於 DeviceControl.Program.Main(String[] args)
